<?xml version="1.0" encoding="UTF-8"?>
<testsuite name="test.test" tests="3" skipped="0" failures="0" errors="0" timestamp="2023-02-06T16:50:30" hostname="LAPTOP-9TNL3FUP" time="0.755">
  <properties/>
  <testcase name="getPhonesTest()" classname="test.test" time="0.321"/>
  <testcase name="getConsistencyIndex()" classname="test.test" time="0.231"/>
  <testcase name="getPriorityVectorTest()" classname="test.test" time="0.201"/>
  <system-out><![CDATA[[[5149, 4, 6, 817125, 128, 3279, 30], [3999, 5, 8, 968359, 128, 5000, 45], [5199, 5, 12, 985226, 256, 4600, 120]]
[[0.009617234083477588, 0.8, 0.5, 0.8293782340295526, 0.5, 0.6558, 0.25], [0.23081361800346223, 1.0, 0.6666666666666666, 0.982880070156492, 0.5, 1.0, 0.375], [0.0, 1.0, 1.0, 1.0, 1.0, 0.92, 1.0]]
[0.09264744, 0.09335371, 0.26599549, 0.13046206, 0.10067653, 0.28890181, 0.02796296]
0.09264744
0.09335371
0.26599549
0.13046206
0.10067653
0.28890181
0.02796296
]]></system-out>
  <system-err><![CDATA[]]></system-err>
</testsuite>
